<?xml version="1.0" encoding="UTF-8"?>
<testng-results ignored="0" total="1" passed="1" failed="0" skipped="0">
  <reporter-output>
  </reporter-output>
  <suite started-at="2023-10-13T11:02:29 IST" name="Default suite" finished-at="2023-10-13T11:02:29 IST" duration-ms="61">
    <groups>
    </groups>
    <test started-at="2023-10-13T11:02:29 IST" name="Default test" finished-at="2023-10-13T11:02:29 IST" duration-ms="61">
      <class name="com.app.TDD.demo.TestUserNameFeature">
        <test-method signature="UsernameTest()[pri:0, instance:com.app.TDD.demo.TestUserNameFeature@662b4c69]" started-at="2023-10-13T11:02:29 IST" name="UsernameTest" finished-at="2023-10-13T11:02:29 IST" duration-ms="13" status="PASS">
          <reporter-output>
          </reporter-output>
        </test-method> <!-- UsernameTest -->
      </class> <!-- com.app.TDD.demo.TestUserNameFeature -->
    </test> <!-- Default test -->
  </suite> <!-- Default suite -->
</testng-results>
