<?xml version="1.0" encoding="UTF-8"?>
<!-- Generated by org.testng.reporters.JUnitXMLReporter -->
<testsuite ignored="2" hostname="LAPTOP-61JCIC0N" failures="0" tests="1" name="Test rediffPage" time="5.598" errors="0" timestamp="2023-10-09T19:58:11 IST">
  <testcase classname="com.app.TestNg.Extentreports.TestClass" name="method3" time="1.837"/>
  <testcase classname="com.app.TestNg.Extentreports.TestClass" name="method2" time="0.0">
    <ignored/>
  </testcase> <!-- method2 -->
  <testcase classname="com.app.TestNg.Extentreports.TestClass" name="method1" time="0.0">
    <ignored/>
  </testcase> <!-- method1 -->
</testsuite> <!-- Test rediffPage -->
