<?xml version="1.0" encoding="UTF-8"?>
<!-- Generated by org.testng.reporters.JUnitXMLReporter -->
<testsuite ignored="2" hostname="LAPTOP-61JCIC0N" failures="1" tests="1" name="Test WikiPage" time="8.219" errors="0" timestamp="2023-10-09T19:58:01 IST">
  <testcase classname="com.app.TestNg.Extentreports.TestClass" name="method1" time="2.115">
    <failure type="java.lang.AssertionError" message="The title of the page is not valid expected [Create account wiki] but found [Create account - Wikipedia]">
      <![CDATA[java.lang.AssertionError: The title of the page is not valid expected [Create account wiki] but found [Create account - Wikipedia]
at com.app.TestNg.Extentreports.TestClass.method1(TestClass.java:20)
at java.base/java.util.ArrayList.forEach(ArrayList.java:1511)
... Removed 32 stack frames]]>
    </failure>
  </testcase> <!-- method1 -->
  <testcase classname="com.app.TestNg.Extentreports.TestClass" name="method2" time="0.0">
    <ignored/>
  </testcase> <!-- method2 -->
  <testcase classname="com.app.TestNg.Extentreports.TestClass" name="method3" time="0.0">
    <ignored/>
  </testcase> <!-- method3 -->
</testsuite> <!-- Test WikiPage -->
