<?xml version="1.0" encoding="UTF-8"?>
<!-- Generated by org.testng.reporters.JUnitXMLReporter -->
<testsuite ignored="2" hostname="LAPTOP-61JCIC0N" failures="0" tests="1" name="Test facebookpage" time="5.053" errors="0" timestamp="2023-10-09T19:58:06 IST">
  <testcase classname="com.app.TestNg.Extentreports.TestClass" name="method2" time="1.267"/>
  <testcase classname="com.app.TestNg.Extentreports.TestClass" name="method3" time="0.0">
    <ignored/>
  </testcase> <!-- method3 -->
  <testcase classname="com.app.TestNg.Extentreports.TestClass" name="method1" time="0.0">
    <ignored/>
  </testcase> <!-- method1 -->
</testsuite> <!-- Test facebookpage -->
