<?xml version="1.0" encoding="UTF-8"?>
<!-- Generated by org.testng.reporters.JUnitXMLReporter -->
<testsuite ignored="0" hostname="LAPTOP-61JCIC0N" failures="0" tests="5" name="Default test" time="19.415" errors="0" timestamp="2023-10-13T08:11:05 IST">
  <testcase classname="com.app.TestNGDataDrivenTesting.WikiCreateAccount" name="CreateAccount" time="2.499"/>
  <testcase classname="com.app.TestNGDataDrivenTesting.WikiCreateAccount" name="CreateAccount" time="2.528"/>
  <testcase classname="com.app.TestNGDataDrivenTesting.WikiCreateAccount" name="CreateAccount" time="2.636"/>
  <testcase classname="com.app.TestNGDataDrivenTesting.WikiCreateAccount" name="CreateAccount" time="2.695"/>
  <testcase classname="com.app.TestNGDataDrivenTesting.WikiCreateAccount" name="CreateAccount" time="2.78"/>
</testsuite> <!-- Default test -->
