<?xml version="1.0" encoding="UTF-8"?>
<!-- Generated by org.testng.reporters.JUnitXMLReporter -->
<testsuite ignored="3" hostname="LAPTOP-61JCIC0N" failures="0" tests="3" name="POMframework" time="28.357" errors="0" timestamp="2023-10-11T18:45:35 IST">
  <testcase classname="com.ninja.qa.TestPages.TestRegisterPage" name="testregisterUser" time="3.218"/>
  <testcase classname="com.ninja.qa.TestPages.TestRegisterPage" name="testregisterUser" time="3.174"/>
  <testcase classname="com.ninja.qa.TestPages.TestProductPage" name="testproduct_addtocart" time="3.895"/>
  <testcase classname="com.ninja.qa.Base.TestBase" name="@BeforeTest getnameMethod" time="0.0">
    <ignored/>
  </testcase> <!-- @BeforeTest getnameMethod -->
  <testcase classname="com.ninja.qa.Base.TestBase" name="@BeforeSuite InitalizeExtentReport" time="0.0">
    <ignored/>
  </testcase> <!-- @BeforeSuite InitalizeExtentReport -->
  <testcase classname="com.ninja.qa.Base.TestBase" name="@AfterSuite generateReports" time="0.0">
    <ignored/>
  </testcase> <!-- @AfterSuite generateReports -->
</testsuite> <!-- POMframework -->
