<?xml version="1.0" encoding="UTF-8"?>
<!-- Generated by org.testng.reporters.JUnitXMLReporter -->
<testsuite ignored="0" hostname="LAPTOP-61JCIC0N" failures="0" tests="5" name="TestCycle1" time="26.368" errors="0" timestamp="2023-10-13T10:35:19 IST">
  <testcase classname="app.com.Redbus.HomepageTest.HomePageTest" name="testTitle" time="0.018"/>
  <testcase classname="app.com.Redbus.HomepageTest.HomePageTest" name="testsource" time="0.12"/>
  <testcase classname="app.com.Redbus.HomepageTest.HomePageTest" name="testdestination" time="0.103"/>
  <testcase classname="app.com.Redbus.HomepageTest.HomePageTest" name="testdate" time="0.189"/>
  <testcase classname="app.com.Redbus.HomepageTest.HomePageTest" name="testsearch" time="0.099"/>
</testsuite> <!-- TestCycle1 -->
