<?xml version="1.0" encoding="UTF-8"?>
<testng-results ignored="0" total="1" passed="1" failed="0" skipped="0">
  <reporter-output>
  </reporter-output>
  <suite started-at="2023-10-11T22:26:55 IST" name="Jenkins-SeleniumDemo" finished-at="2023-10-11T22:27:02 IST" duration-ms="7392">
    <groups>
    </groups>
    <test started-at="2023-10-11T22:26:55 IST" name="Jenkins-SeleniumDemo" finished-at="2023-10-11T22:27:02 IST" duration-ms="7392">
      <class name="com.app.jenkinsdemo.TestJenkinsDemo">
        <test-method signature="GetTitle()[pri:0, instance:com.app.jenkinsdemo.TestJenkinsDemo@e350b40]" started-at="2023-10-11T22:26:55 IST" name="GetTitle" finished-at="2023-10-11T22:27:02 IST" duration-ms="7337" status="PASS">
          <reporter-output>
          </reporter-output>
        </test-method> <!-- GetTitle -->
      </class> <!-- com.app.jenkinsdemo.TestJenkinsDemo -->
    </test> <!-- Jenkins-SeleniumDemo -->
  </suite> <!-- Jenkins-SeleniumDemo -->
</testng-results>
