<?xml version="1.0" encoding="UTF-8"?>
<testng-results ignored="0" total="5" passed="5" failed="0" skipped="0">
  <reporter-output>
  </reporter-output>
  <suite started-at="2023-10-13T10:34:53 IST" name="test1" finished-at="2023-10-13T10:35:19 IST" duration-ms="26368">
    <groups>
    </groups>
    <test started-at="2023-10-13T10:34:53 IST" name="TestCycle1" finished-at="2023-10-13T10:35:19 IST" duration-ms="26368">
      <class name="app.com.Redbus.HomepageTest.HomePageTest">
        <test-method is-config="true" signature="InitalizeExtentReport()[pri:0, instance:app.com.Redbus.HomepageTest.HomePageTest@5afa3c9]" started-at="2023-10-13T10:34:53 IST" name="InitalizeExtentReport" finished-at="2023-10-13T10:34:53 IST" duration-ms="392" status="PASS">
          <reporter-output>
          </reporter-output>
        </test-method> <!-- InitalizeExtentReport -->
        <test-method is-config="true" signature="getnameMethod(org.testng.ITestContext)[pri:0, instance:app.com.Redbus.HomepageTest.HomePageTest@5afa3c9]" started-at="2023-10-13T10:34:53 IST" name="getnameMethod" finished-at="2023-10-13T10:34:53 IST" duration-ms="8" status="PASS">
          <params>
            <param index="0">
              <value>
                <![CDATA[org.testng.TestRunner@1450131a]]>
              </value>
            </param>
          </params>
          <reporter-output>
          </reporter-output>
        </test-method> <!-- getnameMethod -->
        <test-method is-config="true" signature="OpenApp()[pri:0, instance:app.com.Redbus.HomepageTest.HomePageTest@5afa3c9]" started-at="2023-10-13T10:34:53 IST" name="OpenApp" finished-at="2023-10-13T10:35:00 IST" duration-ms="6509" status="PASS">
          <reporter-output>
          </reporter-output>
        </test-method> <!-- OpenApp -->
        <test-method signature="testTitle()[pri:49, instance:app.com.Redbus.HomepageTest.HomePageTest@5afa3c9]" started-at="2023-10-13T10:35:00 IST" name="testTitle" finished-at="2023-10-13T10:35:00 IST" duration-ms="18" status="PASS">
          <reporter-output>
          </reporter-output>
        </test-method> <!-- testTitle -->
        <test-method is-config="true" signature="CloseApp()[pri:0, instance:app.com.Redbus.HomepageTest.HomePageTest@5afa3c9]" started-at="2023-10-13T10:35:00 IST" name="CloseApp" finished-at="2023-10-13T10:35:00 IST" duration-ms="471" status="PASS">
          <reporter-output>
          </reporter-output>
        </test-method> <!-- CloseApp -->
        <test-method is-config="true" signature="generateTestStatus(java.lang.reflect.Method,org.testng.ITestResult)[pri:0, instance:app.com.Redbus.HomepageTest.HomePageTest@5afa3c9]" started-at="2023-10-13T10:35:00 IST" name="generateTestStatus" finished-at="2023-10-13T10:35:00 IST" duration-ms="3" status="PASS">
          <params>
            <param index="0">
              <value>
                <![CDATA[public void app.com.Redbus.HomepageTest.HomePageTest.testTitle()]]>
              </value>
            </param>
            <param index="1">
              <value>
                <![CDATA[[TestResult name=testTitle status=SUCCESS method=HomePageTest.testTitle()[pri:49, instance:app.com.Redbus.HomepageTest.HomePageTest@5afa3c9] output={null}]]]>
              </value>
            </param>
          </params>
          <reporter-output>
          </reporter-output>
        </test-method> <!-- generateTestStatus -->
        <test-method is-config="true" signature="OpenApp()[pri:0, instance:app.com.Redbus.HomepageTest.HomePageTest@5afa3c9]" started-at="2023-10-13T10:35:00 IST" name="OpenApp" finished-at="2023-10-13T10:35:04 IST" duration-ms="4345" status="PASS">
          <reporter-output>
          </reporter-output>
        </test-method> <!-- OpenApp -->
        <test-method signature="testsource()[pri:50, instance:app.com.Redbus.HomepageTest.HomePageTest@5afa3c9]" started-at="2023-10-13T10:35:04 IST" name="testsource" finished-at="2023-10-13T10:35:04 IST" duration-ms="120" status="PASS">
          <reporter-output>
          </reporter-output>
        </test-method> <!-- testsource -->
        <test-method is-config="true" signature="CloseApp()[pri:0, instance:app.com.Redbus.HomepageTest.HomePageTest@5afa3c9]" started-at="2023-10-13T10:35:04 IST" name="CloseApp" finished-at="2023-10-13T10:35:05 IST" duration-ms="321" status="PASS">
          <reporter-output>
          </reporter-output>
        </test-method> <!-- CloseApp -->
        <test-method is-config="true" signature="generateTestStatus(java.lang.reflect.Method,org.testng.ITestResult)[pri:0, instance:app.com.Redbus.HomepageTest.HomePageTest@5afa3c9]" started-at="2023-10-13T10:35:05 IST" name="generateTestStatus" finished-at="2023-10-13T10:35:05 IST" duration-ms="2" status="PASS">
          <params>
            <param index="0">
              <value>
                <![CDATA[public void app.com.Redbus.HomepageTest.HomePageTest.testsource()]]>
              </value>
            </param>
            <param index="1">
              <value>
                <![CDATA[[TestResult name=testsource status=SUCCESS method=HomePageTest.testsource()[pri:50, instance:app.com.Redbus.HomepageTest.HomePageTest@5afa3c9] output={null}]]]>
              </value>
            </param>
          </params>
          <reporter-output>
          </reporter-output>
        </test-method> <!-- generateTestStatus -->
        <test-method is-config="true" signature="OpenApp()[pri:0, instance:app.com.Redbus.HomepageTest.HomePageTest@5afa3c9]" started-at="2023-10-13T10:35:05 IST" name="OpenApp" finished-at="2023-10-13T10:35:09 IST" duration-ms="4267" status="PASS">
          <reporter-output>
          </reporter-output>
        </test-method> <!-- OpenApp -->
        <test-method signature="testdestination()[pri:51, instance:app.com.Redbus.HomepageTest.HomePageTest@5afa3c9]" started-at="2023-10-13T10:35:09 IST" name="testdestination" finished-at="2023-10-13T10:35:09 IST" duration-ms="103" status="PASS">
          <reporter-output>
          </reporter-output>
        </test-method> <!-- testdestination -->
        <test-method is-config="true" signature="CloseApp()[pri:0, instance:app.com.Redbus.HomepageTest.HomePageTest@5afa3c9]" started-at="2023-10-13T10:35:09 IST" name="CloseApp" finished-at="2023-10-13T10:35:10 IST" duration-ms="368" status="PASS">
          <reporter-output>
          </reporter-output>
        </test-method> <!-- CloseApp -->
        <test-method is-config="true" signature="generateTestStatus(java.lang.reflect.Method,org.testng.ITestResult)[pri:0, instance:app.com.Redbus.HomepageTest.HomePageTest@5afa3c9]" started-at="2023-10-13T10:35:10 IST" name="generateTestStatus" finished-at="2023-10-13T10:35:10 IST" duration-ms="1" status="PASS">
          <params>
            <param index="0">
              <value>
                <![CDATA[public void app.com.Redbus.HomepageTest.HomePageTest.testdestination()]]>
              </value>
            </param>
            <param index="1">
              <value>
                <![CDATA[[TestResult name=testdestination status=SUCCESS method=HomePageTest.testdestination()[pri:51, instance:app.com.Redbus.HomepageTest.HomePageTest@5afa3c9] output={null}]]]>
              </value>
            </param>
          </params>
          <reporter-output>
          </reporter-output>
        </test-method> <!-- generateTestStatus -->
        <test-method is-config="true" signature="OpenApp()[pri:0, instance:app.com.Redbus.HomepageTest.HomePageTest@5afa3c9]" started-at="2023-10-13T10:35:10 IST" name="OpenApp" finished-at="2023-10-13T10:35:14 IST" duration-ms="4477" status="PASS">
          <reporter-output>
          </reporter-output>
        </test-method> <!-- OpenApp -->
        <test-method signature="testdate()[pri:52, instance:app.com.Redbus.HomepageTest.HomePageTest@5afa3c9]" started-at="2023-10-13T10:35:14 IST" name="testdate" finished-at="2023-10-13T10:35:14 IST" duration-ms="189" status="PASS">
          <reporter-output>
          </reporter-output>
        </test-method> <!-- testdate -->
        <test-method is-config="true" signature="CloseApp()[pri:0, instance:app.com.Redbus.HomepageTest.HomePageTest@5afa3c9]" started-at="2023-10-13T10:35:14 IST" name="CloseApp" finished-at="2023-10-13T10:35:15 IST" duration-ms="316" status="PASS">
          <reporter-output>
          </reporter-output>
        </test-method> <!-- CloseApp -->
        <test-method is-config="true" signature="generateTestStatus(java.lang.reflect.Method,org.testng.ITestResult)[pri:0, instance:app.com.Redbus.HomepageTest.HomePageTest@5afa3c9]" started-at="2023-10-13T10:35:15 IST" name="generateTestStatus" finished-at="2023-10-13T10:35:15 IST" duration-ms="1" status="PASS">
          <params>
            <param index="0">
              <value>
                <![CDATA[public void app.com.Redbus.HomepageTest.HomePageTest.testdate() throws java.lang.InterruptedException]]>
              </value>
            </param>
            <param index="1">
              <value>
                <![CDATA[[TestResult name=testdate status=SUCCESS method=HomePageTest.testdate()[pri:52, instance:app.com.Redbus.HomepageTest.HomePageTest@5afa3c9] output={null}]]]>
              </value>
            </param>
          </params>
          <reporter-output>
          </reporter-output>
        </test-method> <!-- generateTestStatus -->
        <test-method is-config="true" signature="OpenApp()[pri:0, instance:app.com.Redbus.HomepageTest.HomePageTest@5afa3c9]" started-at="2023-10-13T10:35:15 IST" name="OpenApp" finished-at="2023-10-13T10:35:19 IST" duration-ms="4365" status="PASS">
          <reporter-output>
          </reporter-output>
        </test-method> <!-- OpenApp -->
        <test-method signature="testsearch()[pri:53, instance:app.com.Redbus.HomepageTest.HomePageTest@5afa3c9]" started-at="2023-10-13T10:35:19 IST" name="testsearch" finished-at="2023-10-13T10:35:19 IST" duration-ms="99" status="PASS">
          <reporter-output>
          </reporter-output>
        </test-method> <!-- testsearch -->
        <test-method is-config="true" signature="CloseApp()[pri:0, instance:app.com.Redbus.HomepageTest.HomePageTest@5afa3c9]" started-at="2023-10-13T10:35:19 IST" name="CloseApp" finished-at="2023-10-13T10:35:19 IST" duration-ms="342" status="PASS">
          <reporter-output>
          </reporter-output>
        </test-method> <!-- CloseApp -->
        <test-method is-config="true" signature="generateTestStatus(java.lang.reflect.Method,org.testng.ITestResult)[pri:0, instance:app.com.Redbus.HomepageTest.HomePageTest@5afa3c9]" started-at="2023-10-13T10:35:19 IST" name="generateTestStatus" finished-at="2023-10-13T10:35:19 IST" duration-ms="1" status="PASS">
          <params>
            <param index="0">
              <value>
                <![CDATA[public void app.com.Redbus.HomepageTest.HomePageTest.testsearch()]]>
              </value>
            </param>
            <param index="1">
              <value>
                <![CDATA[[TestResult name=testsearch status=SUCCESS method=HomePageTest.testsearch()[pri:53, instance:app.com.Redbus.HomepageTest.HomePageTest@5afa3c9] output={null}]]]>
              </value>
            </param>
          </params>
          <reporter-output>
          </reporter-output>
        </test-method> <!-- generateTestStatus -->
        <test-method is-config="true" signature="generateReports()[pri:0, instance:app.com.Redbus.HomepageTest.HomePageTest@5afa3c9]" started-at="2023-10-13T10:35:19 IST" name="generateReports" finished-at="2023-10-13T10:35:20 IST" duration-ms="741" status="PASS">
          <reporter-output>
          </reporter-output>
        </test-method> <!-- generateReports -->
      </class> <!-- app.com.Redbus.HomepageTest.HomePageTest -->
    </test> <!-- TestCycle1 -->
  </suite> <!-- test1 -->
</testng-results>
